<?xml version="1.0" encoding="UTF-8"?>
<testsuite xmlns:xsi="http://www.w3.org/2001/XMLSchema-instance" xsi:noNamespaceSchemaLocation="https://maven.apache.org/surefire/maven-surefire-plugin/xsd/surefire-test-report-3.0.xsd" version="3.0" name="test.HomeSolutionTest" time="0.061" tests="20" errors="1" skipped="0" failures="1">
  <properties>
[...]
</properties>
  <testcase name="testTareasNoAsignadasProyectoFinalizadoLanzaExcepcion" classname="test.HomeSolutionTest" time="0.009"/>
  <testcase name="testAsignarMenosRetrasos" classname="test.HomeSolutionTest" time="0.0"/>
  <testcase name="testProyectosPendientesInicialmente" classname="test.HomeSolutionTest" time="0.0"/>
  <testcase name="testFinalizarProyectoConFechaInvalidaLanzaExcepcion" classname="test.HomeSolutionTest" time="0.0"/>
  <testcase name="testRegistrarProyectoDatosInvalidosLanzaExcepcion" classname="test.HomeSolutionTest" time="0.0"/>
  <testcase name="testTotalTareasAsignadas" classname="test.HomeSolutionTest" time="0.0"/>
  <testcase name="testSinEmpleadosParaAsignar" classname="test.HomeSolutionTest" time="0.0"/>
  <testcase name="testRegistrarEmpleadoValorNegativoLanzaExcepcion" classname="test.HomeSolutionTest" time="0.001"/>
  <testcase name="testEmpleadosLiberadosCorrectamente" classname="test.HomeSolutionTest" time="0.0"/>
  <testcase name="testRegistrarEmpleadoContratadoValido" classname="test.HomeSolutionTest" time="0.0"/>
  <testcase name="testRegistrarProyectoValido" classname="test.HomeSolutionTest" time="0.001"/>
  <testcase name="testAsignarElQueTieneMenosRetrasos" classname="test.HomeSolutionTest" time="0.0"/>
  <testcase name="testAsignarElQueNoTieneRetrasos" classname="test.HomeSolutionTest" time="0.0"/>
  <testcase name="testEmpleadosTareasConRetraso" classname="test.HomeSolutionTest" time="0.0"/>
  <testcase name="testCalculaCostoSinRetrasosYReasignacion" classname="test.HomeSolutionTest" time="0.005">
    <error message="La fecha de finalización no puede ser anterior a la de inicio" type="java.lang.IllegalArgumentException"><![CDATA[java.lang.IllegalArgumentException: La fecha de finalización no puede ser anterior a la de inicio
	at com.example.entidades.Proyecto.finalizar(Proyecto.java:278)
	at com.example.entidades.HomeSolution.finalizarProyecto(HomeSolution.java:155)
	at test.HomeSolutionTest.testCalculaCostoSinRetrasosYReasignacion(HomeSolutionTest.java:233)
	at java.base/jdk.internal.reflect.DirectMethodHandleAccessor.invoke(DirectMethodHandleAccessor.java:103)
	at java.base/java.lang.reflect.Method.invoke(Method.java:580)
	at org.junit.runners.model.FrameworkMethod$1.runReflectiveCall(FrameworkMethod.java:59)
	at org.junit.internal.runners.model.ReflectiveCallable.run(ReflectiveCallable.java:12)
	at org.junit.runners.model.FrameworkMethod.invokeExplosively(FrameworkMethod.java:56)
	at org.junit.internal.runners.statements.InvokeMethod.evaluate(InvokeMethod.java:17)
	at org.junit.internal.runners.statements.RunBefores.evaluate(RunBefores.java:26)
	at org.junit.runners.ParentRunner$3.evaluate(ParentRunner.java:306)
	at org.junit.runners.BlockJUnit4ClassRunner$1.evaluate(BlockJUnit4ClassRunner.java:100)
	at org.junit.runners.ParentRunner.runLeaf(ParentRunner.java:366)
	at org.junit.runners.BlockJUnit4ClassRunner.runChild(BlockJUnit4ClassRunner.java:103)
	at org.junit.runners.BlockJUnit4ClassRunner.runChild(BlockJUnit4ClassRunner.java:63)
	at org.junit.runners.ParentRunner$4.run(ParentRunner.java:331)
	at org.junit.runners.ParentRunner$1.schedule(ParentRunner.java:79)
	at org.junit.runners.ParentRunner.runChildren(ParentRunner.java:329)
	at org.junit.runners.ParentRunner.access$100(ParentRunner.java:66)
	at org.junit.runners.ParentRunner$2.evaluate(ParentRunner.java:293)
	at org.junit.runners.ParentRunner$3.evaluate(ParentRunner.java:306)
	at org.junit.runners.ParentRunner.run(ParentRunner.java:413)
	at org.apache.maven.surefire.junit4.JUnit4Provider.execute(JUnit4Provider.java:316)
	at org.apache.maven.surefire.junit4.JUnit4Provider.executeWithRerun(JUnit4Provider.java:240)
	at org.apache.maven.surefire.junit4.JUnit4Provider.executeTestSet(JUnit4Provider.java:214)
	at org.apache.maven.surefire.junit4.JUnit4Provider.invoke(JUnit4Provider.java:155)
	at org.apache.maven.surefire.booter.ForkedBooter.runSuitesInProcess(ForkedBooter.java:385)
	at org.apache.maven.surefire.booter.ForkedBooter.execute(ForkedBooter.java:162)
	at org.apache.maven.surefire.booter.ForkedBooter.run(ForkedBooter.java:507)
	at org.apache.maven.surefire.booter.ForkedBooter.main(ForkedBooter.java:495)
]]></error>
  </testcase>
  <testcase name="testEmpleadosNoAsignadosInicialmente" classname="test.HomeSolutionTest" time="0.0"/>
  <testcase name="testCalculaCostoConRetrasosCorrectamente" classname="test.HomeSolutionTest" time="0.001">
    <failure message="expected:&lt;1017750.0&gt; but was:&lt;1099170.0&gt;" type="java.lang.AssertionError"><![CDATA[java.lang.AssertionError: expected:<1017750.0> but was:<1099170.0>
	at org.junit.Assert.fail(Assert.java:89)
	at org.junit.Assert.failNotEquals(Assert.java:835)
	at org.junit.Assert.assertEquals(Assert.java:555)
	at org.junit.Assert.assertEquals(Assert.java:685)
	at test.HomeSolutionTest.testCalculaCostoConRetrasosCorrectamente(HomeSolutionTest.java:218)
	at java.base/jdk.internal.reflect.DirectMethodHandleAccessor.invoke(DirectMethodHandleAccessor.java:103)
	at java.base/java.lang.reflect.Method.invoke(Method.java:580)
	at org.junit.runners.model.FrameworkMethod$1.runReflectiveCall(FrameworkMethod.java:59)
	at org.junit.internal.runners.model.ReflectiveCallable.run(ReflectiveCallable.java:12)
	at org.junit.runners.model.FrameworkMethod.invokeExplosively(FrameworkMethod.java:56)
	at org.junit.internal.runners.statements.InvokeMethod.evaluate(InvokeMethod.java:17)
	at org.junit.internal.runners.statements.RunBefores.evaluate(RunBefores.java:26)
	at org.junit.runners.ParentRunner$3.evaluate(ParentRunner.java:306)
	at org.junit.runners.BlockJUnit4ClassRunner$1.evaluate(BlockJUnit4ClassRunner.java:100)
	at org.junit.runners.ParentRunner.runLeaf(ParentRunner.java:366)
	at org.junit.runners.BlockJUnit4ClassRunner.runChild(BlockJUnit4ClassRunner.java:103)
	at org.junit.runners.BlockJUnit4ClassRunner.runChild(BlockJUnit4ClassRunner.java:63)
	at org.junit.runners.ParentRunner$4.run(ParentRunner.java:331)
	at org.junit.runners.ParentRunner$1.schedule(ParentRunner.java:79)
	at org.junit.runners.ParentRunner.runChildren(ParentRunner.java:329)
	at org.junit.runners.ParentRunner.access$100(ParentRunner.java:66)
	at org.junit.runners.ParentRunner$2.evaluate(ParentRunner.java:293)
	at org.junit.runners.ParentRunner$3.evaluate(ParentRunner.java:306)
	at org.junit.runners.ParentRunner.run(ParentRunner.java:413)
	at org.apache.maven.surefire.junit4.JUnit4Provider.execute(JUnit4Provider.java:316)
	at org.apache.maven.surefire.junit4.JUnit4Provider.executeWithRerun(JUnit4Provider.java:240)
	at org.apache.maven.surefire.junit4.JUnit4Provider.executeTestSet(JUnit4Provider.java:214)
	at org.apache.maven.surefire.junit4.JUnit4Provider.invoke(JUnit4Provider.java:155)
	at org.apache.maven.surefire.booter.ForkedBooter.runSuitesInProcess(ForkedBooter.java:385)
	at org.apache.maven.surefire.booter.ForkedBooter.execute(ForkedBooter.java:162)
	at org.apache.maven.surefire.booter.ForkedBooter.run(ForkedBooter.java:507)
	at org.apache.maven.surefire.booter.ForkedBooter.main(ForkedBooter.java:495)
]]></failure>
  </testcase>
  <testcase name="testCalculaCostoSinRetrasosCorrectamente" classname="test.HomeSolutionTest" time="0.0"/>
  <testcase name="testTareasAsignadasProyectoActivo" classname="test.HomeSolutionTest" time="0.0"/>
  <testcase name="testRegistrarEmpleadoDePlantaNoValido" classname="test.HomeSolutionTest" time="0.0"/>
</testsuite>